autoscan: warning: missing AC_C_CONST wanted by: 
	sqlite3.h:103
	sqlite3.h:104
	sqlite3.h:216
	sqlite3.h:439
	sqlite3.h:440
	sqlite3.h:576
	sqlite3.h:673
	sqlite3.h:674
	sqlite3.h:675
	sqlite3.h:745
	sqlite3.h:745
	sqlite3.h:745
	sqlite3.h:745
	sqlite3.h:828
	sqlite3.h:830
	sqlite3.h:890
	sqlite3.h:894
	sqlite3.h:927
	sqlite3.h:928
	sqlite3.h:1021
	sqlite3.h:1024
	sqlite3.h:1028
	sqlite3.h:1031
	sqlite3.h:1035
	sqlite3.h:1038
	sqlite3.h:1042
	sqlite3.h:1045
	sqlite3.h:1140
	sqlite3.h:1145
	sqlite3.h:1146
	sqlite3.h:1147
	sqlite3.h:1184
	sqlite3.h:1193
	sqlite3.h:1231
	sqlite3.h:1232
	sqlite3.h:1262
	sqlite3.h:1263
	sqlite3.h:1264
	sqlite3.h:1265
	sqlite3.h:1266
	sqlite3.h:1267
	sqlite3.h:1298
	sqlite3.h:1299
	sqlite3.h:1538
	sqlite3.h:1544
	sqlite3.h:1545
	sqlite3.h:1641
	sqlite3.h:1651
	sqlite3.h:1727
	sqlite3.h:1733
	sqlite3.h:1734
	sqlite3.h:1735
	sqlite3.h:1736
	sqlite3.h:1846
	sqlite3.h:1848
	sqlite3.h:1849
	sqlite3.h:1854
	sqlite3.h:1855
	sqlite3.h:1856
	sqlite3.h:1857
	sqlite3.h:1905
	sqlite3.h:1908
	sqlite3.h:1908
	sqlite3.h:1912
	sqlite3.h:1915
	sqlite3.h:1915
	sqlite3.h:1920
	sqlite3.h:1923
	sqlite3.h:1923
	sqlite3.h:1955
	sqlite3.h:1960
	sqlite3.h:1972
	sqlite3.h:1985
	sqlite3.h:2090
	sqlite3.h:2090
	sqlite3.h:2261
	sqlite3.h:2262
	sqlite3.h:2263
	sqlite3.h:2264
	sqlite3.h:2265
	sqlite3.h:2289
	sqlite3.h:2290
	sqlite3.h:2378
	sqlite3.h:2378
	sqlite3.h:2381
	sqlite3.h:2381
	sqlite3.h:2388
	sqlite3.h:2399
	sqlite3.h:2452
	sqlite3.h:2453
	sqlite3.h:2458
	sqlite3.h:2459
	sqlite3.h:2460
	sqlite3.h:2463
	sqlite3.h:2469
	sqlite3.h:2491
	sqlite3.h:2492
	sqlite3.h:2514
	sqlite3.h:2539
	sqlite3.h:2557
	sqlite3.h:2608
	sqlite3.h:2609
	sqlite3.h:2610
	sqlite3.h:2666
	virtual.c:89
	virtual.c:164
	virtual.c:193
	virtual.c:193
	virtual.c:235
	virtual.c:261
	virtual.c:261
	virtual.c:273
	virtual.c:273
	virtual.c:319
	virtual.c:319
	virtual.c:366
	virtual.c:366
	virtual.c:402
	virtual.c:402
	virtual.c:522
	virtual.c:536
	virtual.c:553
	virtual.c:632
	virtual.c:668
	virtual.c:869
	virtual.c:881
	virtual.c:898
	virtual.c:960
	virtual.c:1007
	sqlite3ext.h:33
	sqlite3ext.h:39
	sqlite3ext.h:40
	sqlite3ext.h:41
	sqlite3ext.h:42
	sqlite3ext.h:43
	sqlite3ext.h:48
	sqlite3ext.h:49
	sqlite3ext.h:50
	sqlite3ext.h:54
	sqlite3ext.h:55
	sqlite3ext.h:56
	sqlite3ext.h:57
	sqlite3ext.h:61
	sqlite3ext.h:62
	sqlite3ext.h:63
	sqlite3ext.h:64
	sqlite3ext.h:65
	sqlite3ext.h:66
	sqlite3ext.h:67
	sqlite3ext.h:68
	sqlite3ext.h:72
	sqlite3ext.h:73
	sqlite3ext.h:74
	sqlite3ext.h:74
	sqlite3ext.h:74
	sqlite3ext.h:75
	sqlite3ext.h:75
	sqlite3ext.h:75
	sqlite3ext.h:76
	sqlite3ext.h:77
	sqlite3ext.h:78
	sqlite3ext.h:78
	sqlite3ext.h:81
	sqlite3ext.h:84
	sqlite3ext.h:85
	sqlite3ext.h:86
	sqlite3ext.h:93
	sqlite3ext.h:97
	sqlite3ext.h:100
	sqlite3ext.h:101
	sqlite3ext.h:102
	sqlite3ext.h:103
	sqlite3ext.h:103
	sqlite3ext.h:104
	sqlite3ext.h:104
	sqlite3ext.h:105
	sqlite3ext.h:109
	sqlite3ext.h:111
	sqlite3ext.h:112
	sqlite3ext.h:116
	sqlite3ext.h:117
	sqlite3ext.h:118
	sqlite3ext.h:119
	sqlite3ext.h:122
	sqlite3ext.h:122
	sqlite3ext.h:122
	sqlite3ext.h:122
	sqlite3ext.h:124
	sqlite3ext.h:126
	sqlite3ext.h:126
	sqlite3ext.h:126
	sqlite3ext.h:126
	sqlite3ext.h:126
	sqlite3ext.h:129
	sqlite3ext.h:131
	sqlite3ext.h:131
	sqlite3ext.h:133
	sqlite3ext.h:140
	sqlite3ext.h:141
	sqlite3ext.h:142
	sqlite3ext.h:143
	sqlite3ext.h:145
	sqlite3ext.h:146
	sqlite3ext.h:147
	sqlite3ext.h:147
	sqlite3ext.h:148
	sqlite3ext.h:148
autoscan: warning: missing AC_PREREQ wanted by: 
	autoscan
