This file contains any messages produced by compilers while
running configure, to aid debugging if configure makes a mistake.

It was created by vtables configure 1.0, which was
generated by GNU Autoconf 2.61.  Invocation command line was

  $ ./configure --prefix=/usr

## --------- ##
## Platform. ##
## --------- ##

hostname = owensmk-laptop
uname -m = i686
uname -r = 2.6.20-15-generic
uname -s = Linux
uname -v = #2 SMP Sun Apr 15 07:36:31 UTC 2007

/usr/bin/uname -p = unknown
/bin/uname -X     = unknown

/bin/arch              = i686
/usr/bin/arch -k       = unknown
/usr/convex/getsysinfo = unknown
/usr/bin/hostinfo      = unknown
/bin/machine           = unknown
/usr/bin/oslevel       = unknown
/bin/universe          = unknown

PATH: /home/owensmk/bin
PATH: /usr/local/sbin
PATH: /usr/local/bin
PATH: /usr/sbin
PATH: /usr/bin
PATH: /sbin
PATH: /bin
PATH: /usr/games
PATH: /home/owensmk/bin/


## ----------- ##
## Core tests. ##
## ----------- ##

configure:1766: checking build system type
configure:1784: result: i686-pc-linux-gnu
configure:1806: checking host system type
configure:1821: result: i686-pc-linux-gnu
configure:1843: Host = i686-pc-linux-gnu
configure:1917: checking for gcc
configure:1933: found /usr/bin/gcc
configure:1944: result: gcc
configure:2182: checking for C compiler version
configure:2189: gcc --version >&5
gcc (GCC) 4.1.2 (Ubuntu 4.1.2-0ubuntu4)
Copyright (C) 2006 Free Software Foundation, Inc.
This is free software; see the source for copying conditions.  There is NO
warranty; not even for MERCHANTABILITY or FITNESS FOR A PARTICULAR PURPOSE.

configure:2192: $? = 0
configure:2199: gcc -v >&5
Using built-in specs.
Target: i486-linux-gnu
Configured with: ../src/configure -v --enable-languages=c,c++,fortran,objc,obj-c++,treelang --prefix=/usr --enable-shared --with-system-zlib --libexecdir=/usr/lib --without-included-gettext --enable-threads=posix --enable-nls --program-suffix=-4.1 --enable-__cxa_atexit --enable-clocale=gnu --enable-libstdcxx-debug --enable-mpfr --enable-checking=release i486-linux-gnu
Thread model: posix
gcc version 4.1.2 (Ubuntu 4.1.2-0ubuntu4)
configure:2202: $? = 0
configure:2209: gcc -V >&5
gcc: '-V' option must have argument
configure:2212: $? = 1
configure:2235: checking for C compiler default output file name
configure:2262: gcc    conftest.c  >&5
configure:2265: $? = 0
configure:2303: result: a.out
configure:2320: checking whether the C compiler works
configure:2330: ./a.out
configure:2333: $? = 0
configure:2350: result: yes
configure:2357: checking whether we are cross compiling
configure:2359: result: no
configure:2362: checking for suffix of executables
configure:2369: gcc -o conftest    conftest.c  >&5
configure:2372: $? = 0
configure:2396: result: 
configure:2402: checking for suffix of object files
configure:2428: gcc -c   conftest.c >&5
configure:2431: $? = 0
configure:2454: result: o
configure:2458: checking whether we are using the GNU C compiler
configure:2487: gcc -c   conftest.c >&5
configure:2493: $? = 0
configure:2510: result: yes
configure:2515: checking whether gcc accepts -g
configure:2545: gcc -c -g  conftest.c >&5
configure:2551: $? = 0
configure:2650: result: yes
configure:2667: checking for gcc option to accept ISO C89
configure:2741: gcc  -c -g -O2  conftest.c >&5
configure:2747: $? = 0
configure:2770: result: none needed
configure:2846: checking for g++
configure:2862: found /usr/bin/g++
configure:2873: result: g++
configure:2904: checking for C++ compiler version
configure:2911: g++ --version >&5
g++ (GCC) 4.1.2 (Ubuntu 4.1.2-0ubuntu4)
Copyright (C) 2006 Free Software Foundation, Inc.
This is free software; see the source for copying conditions.  There is NO
warranty; not even for MERCHANTABILITY or FITNESS FOR A PARTICULAR PURPOSE.

configure:2914: $? = 0
configure:2921: g++ -v >&5
Using built-in specs.
Target: i486-linux-gnu
Configured with: ../src/configure -v --enable-languages=c,c++,fortran,objc,obj-c++,treelang --prefix=/usr --enable-shared --with-system-zlib --libexecdir=/usr/lib --without-included-gettext --enable-threads=posix --enable-nls --program-suffix=-4.1 --enable-__cxa_atexit --enable-clocale=gnu --enable-libstdcxx-debug --enable-mpfr --enable-checking=release i486-linux-gnu
Thread model: posix
gcc version 4.1.2 (Ubuntu 4.1.2-0ubuntu4)
configure:2924: $? = 0
configure:2931: g++ -V >&5
g++: '-V' option must have argument
configure:2934: $? = 1
configure:2937: checking whether we are using the GNU C++ compiler
configure:2966: g++ -c   conftest.cpp >&5
configure:2972: $? = 0
configure:2989: result: yes
configure:2994: checking whether g++ accepts -g
configure:3024: g++ -c -g  conftest.cpp >&5
configure:3030: $? = 0
configure:3129: result: yes
configure:3157: checking how to run the C++ preprocessor
configure:3193: g++ -E  conftest.cpp
configure:3199: $? = 0
configure:3230: g++ -E  conftest.cpp
conftest.cpp:8:28: error: ac_nonexistent.h: No such file or directory
configure:3236: $? = 1
configure: failed program was:
| /* confdefs.h.  */
| #define PACKAGE_NAME "vtables"
| #define PACKAGE_TARNAME "vtables"
| #define PACKAGE_VERSION "1.0"
| #define PACKAGE_STRING "vtables 1.0"
| #define PACKAGE_BUGREPORT "bugs@mikesclutter.com"
| /* end confdefs.h.  */
| #include <ac_nonexistent.h>
configure:3269: result: g++ -E
configure:3298: g++ -E  conftest.cpp
configure:3304: $? = 0
configure:3335: g++ -E  conftest.cpp
conftest.cpp:8:28: error: ac_nonexistent.h: No such file or directory
configure:3341: $? = 1
configure: failed program was:
| /* confdefs.h.  */
| #define PACKAGE_NAME "vtables"
| #define PACKAGE_TARNAME "vtables"
| #define PACKAGE_VERSION "1.0"
| #define PACKAGE_STRING "vtables 1.0"
| #define PACKAGE_BUGREPORT "bugs@mikesclutter.com"
| /* end confdefs.h.  */
| #include <ac_nonexistent.h>
configure:3391: checking for a BSD-compatible install
configure:3447: result: /usr/bin/install -c
configure:3501: checking for ranlib
configure:3517: found /usr/bin/ranlib
configure:3528: result: ranlib
configure:3558: checking for gawk
configure:3588: result: no
configure:3558: checking for mawk
configure:3574: found /usr/bin/mawk
configure:3585: result: mawk
configure:3607: checking how to run the C preprocessor
configure:3647: gcc -E  conftest.c
configure:3653: $? = 0
configure:3684: gcc -E  conftest.c
conftest.c:8:28: error: ac_nonexistent.h: No such file or directory
configure:3690: $? = 1
configure: failed program was:
| /* confdefs.h.  */
| #define PACKAGE_NAME "vtables"
| #define PACKAGE_TARNAME "vtables"
| #define PACKAGE_VERSION "1.0"
| #define PACKAGE_STRING "vtables 1.0"
| #define PACKAGE_BUGREPORT "bugs@mikesclutter.com"
| /* end confdefs.h.  */
| #include <ac_nonexistent.h>
configure:3723: result: gcc -E
configure:3752: gcc -E  conftest.c
configure:3758: $? = 0
configure:3789: gcc -E  conftest.c
conftest.c:8:28: error: ac_nonexistent.h: No such file or directory
configure:3795: $? = 1
configure: failed program was:
| /* confdefs.h.  */
| #define PACKAGE_NAME "vtables"
| #define PACKAGE_TARNAME "vtables"
| #define PACKAGE_VERSION "1.0"
| #define PACKAGE_STRING "vtables 1.0"
| #define PACKAGE_BUGREPORT "bugs@mikesclutter.com"
| /* end confdefs.h.  */
| #include <ac_nonexistent.h>
configure:3833: checking for grep that handles long lines and -e
configure:3907: result: /bin/grep
configure:3912: checking for egrep
configure:3990: result: /bin/grep -E
configure:3995: checking for ANSI C header files
configure:4025: gcc -c -g -O2  conftest.c >&5
configure:4031: $? = 0
configure:4130: gcc -o conftest -g -O2   conftest.c  >&5
configure:4133: $? = 0
configure:4139: ./conftest
configure:4142: $? = 0
configure:4159: result: yes
configure:4186: checking for sys/types.h
configure:4207: gcc -c -g -O2  conftest.c >&5
configure:4213: $? = 0
configure:4229: result: yes
configure:4186: checking for sys/stat.h
configure:4207: gcc -c -g -O2  conftest.c >&5
configure:4213: $? = 0
configure:4229: result: yes
configure:4186: checking for stdlib.h
configure:4207: gcc -c -g -O2  conftest.c >&5
configure:4213: $? = 0
configure:4229: result: yes
configure:4186: checking for string.h
configure:4207: gcc -c -g -O2  conftest.c >&5
configure:4213: $? = 0
configure:4229: result: yes
configure:4186: checking for memory.h
configure:4207: gcc -c -g -O2  conftest.c >&5
configure:4213: $? = 0
configure:4229: result: yes
configure:4186: checking for strings.h
configure:4207: gcc -c -g -O2  conftest.c >&5
configure:4213: $? = 0
configure:4229: result: yes
configure:4186: checking for inttypes.h
configure:4207: gcc -c -g -O2  conftest.c >&5
configure:4213: $? = 0
configure:4229: result: yes
configure:4186: checking for stdint.h
configure:4207: gcc -c -g -O2  conftest.c >&5
configure:4213: $? = 0
configure:4229: result: yes
configure:4186: checking for unistd.h
configure:4207: gcc -c -g -O2  conftest.c >&5
configure:4213: $? = 0
configure:4229: result: yes
configure:4259: checking utime.h usability
configure:4276: gcc -c -g -O2  conftest.c >&5
configure:4282: $? = 0
configure:4296: result: yes
configure:4300: checking utime.h presence
configure:4315: gcc -E  conftest.c
configure:4321: $? = 0
configure:4335: result: yes
configure:4368: checking for utime.h
configure:4376: result: yes
configure:4397: checking whether utime accepts a null argument
configure:4436: gcc -o conftest -g -O2   conftest.c  >&5
configure:4439: $? = 0
configure:4445: ./conftest
configure:4448: $? = 0
configure:4464: result: yes
configure:4583: creating ./config.status

## ---------------------- ##
## Running config.status. ##
## ---------------------- ##

This file was extended by vtables config.status 1.0, which was
generated by GNU Autoconf 2.61.  Invocation command line was

  CONFIG_FILES    = 
  CONFIG_HEADERS  = 
  CONFIG_LINKS    = 
  CONFIG_COMMANDS = 
  $ ./config.status 

on owensmk-laptop

config.status:611: creating Makefile
config.status:611: creating config.h
config.status:831: config.h is unchanged

## ---------------- ##
## Cache variables. ##
## ---------------- ##

ac_cv_build=i686-pc-linux-gnu
ac_cv_c_compiler_gnu=yes
ac_cv_cxx_compiler_gnu=yes
ac_cv_env_CCC_set=
ac_cv_env_CCC_value=
ac_cv_env_CC_set=
ac_cv_env_CC_value=
ac_cv_env_CFLAGS_set=
ac_cv_env_CFLAGS_value=
ac_cv_env_CPPFLAGS_set=
ac_cv_env_CPPFLAGS_value=
ac_cv_env_CPP_set=
ac_cv_env_CPP_value=
ac_cv_env_CXXCPP_set=
ac_cv_env_CXXCPP_value=
ac_cv_env_CXXFLAGS_set=
ac_cv_env_CXXFLAGS_value=
ac_cv_env_CXX_set=
ac_cv_env_CXX_value=
ac_cv_env_LDFLAGS_set=
ac_cv_env_LDFLAGS_value=
ac_cv_env_LIBS_set=
ac_cv_env_LIBS_value=
ac_cv_env_build_alias_set=
ac_cv_env_build_alias_value=
ac_cv_env_host_alias_set=
ac_cv_env_host_alias_value=
ac_cv_env_target_alias_set=
ac_cv_env_target_alias_value=
ac_cv_func_utime_null=yes
ac_cv_header_inttypes_h=yes
ac_cv_header_memory_h=yes
ac_cv_header_stdc=yes
ac_cv_header_stdint_h=yes
ac_cv_header_stdlib_h=yes
ac_cv_header_string_h=yes
ac_cv_header_strings_h=yes
ac_cv_header_sys_stat_h=yes
ac_cv_header_sys_types_h=yes
ac_cv_header_unistd_h=yes
ac_cv_header_utime_h=yes
ac_cv_host=i686-pc-linux-gnu
ac_cv_objext=o
ac_cv_path_EGREP='/bin/grep -E'
ac_cv_path_GREP=/bin/grep
ac_cv_path_install='/usr/bin/install -c'
ac_cv_prog_AWK=mawk
ac_cv_prog_CPP='gcc -E'
ac_cv_prog_CXXCPP='g++ -E'
ac_cv_prog_ac_ct_CC=gcc
ac_cv_prog_ac_ct_CXX=g++
ac_cv_prog_ac_ct_RANLIB=ranlib
ac_cv_prog_cc_c89=
ac_cv_prog_cc_g=yes
ac_cv_prog_cxx_g=yes

## ----------------- ##
## Output variables. ##
## ----------------- ##

AWK='mawk'
CC='gcc'
CFLAGS='-g -O2'
CPP='gcc -E'
CPPFLAGS=''
CXX='g++'
CXXCPP='g++ -E'
CXXFLAGS='-g -O2'
DEFS='-DHAVE_CONFIG_H'
ECHO_C=''
ECHO_N='-n'
ECHO_T=''
EGREP='/bin/grep -E'
EXEEXT=''
GREP='/bin/grep'
INSTALL_DATA='${INSTALL} -m 644'
INSTALL_PROGRAM='${INSTALL}'
INSTALL_SCRIPT='${INSTALL}'
LDFLAGS=''
LIBOBJS=''
LIBS=''
LTLIBOBJS=''
MAKE_DEFINES='Make.linux'
OBJEXT='o'
PACKAGE_BUGREPORT='bugs@mikesclutter.com'
PACKAGE_NAME='vtables'
PACKAGE_STRING='vtables 1.0'
PACKAGE_TARNAME='vtables'
PACKAGE_VERSION='1.0'
PATH_SEPARATOR=':'
RANLIB='ranlib'
SHELL='/bin/bash'
VERSION='0.0.1'
ac_ct_CC='gcc'
ac_ct_CXX='g++'
bindir='${exec_prefix}/bin'
build='i686-pc-linux-gnu'
build_alias=''
build_cpu='i686'
build_os='linux-gnu'
build_vendor='pc'
datadir='${datarootdir}'
datarootdir='${prefix}/share'
docdir='${datarootdir}/doc/${PACKAGE_TARNAME}'
dvidir='${docdir}'
exec_prefix='${prefix}'
host='i686-pc-linux-gnu'
host_alias=''
host_cpu='i686'
host_os='linux-gnu'
host_vendor='pc'
htmldir='${docdir}'
includedir='${prefix}/include'
infodir='${datarootdir}/info'
libdir='${exec_prefix}/lib'
libexecdir='${exec_prefix}/libexec'
localedir='${datarootdir}/locale'
localstatedir='${prefix}/var'
mandir='${datarootdir}/man'
oldincludedir='/usr/include'
pdfdir='${docdir}'
prefix='/usr'
program_transform_name='s,x,x,'
psdir='${docdir}'
sbindir='${exec_prefix}/sbin'
sharedstatedir='${prefix}/com'
sysconfdir='${prefix}/etc'
target_alias=''

## ----------- ##
## confdefs.h. ##
## ----------- ##

#define PACKAGE_NAME "vtables"
#define PACKAGE_TARNAME "vtables"
#define PACKAGE_VERSION "1.0"
#define PACKAGE_STRING "vtables 1.0"
#define PACKAGE_BUGREPORT "bugs@mikesclutter.com"
#define STDC_HEADERS 1
#define HAVE_SYS_TYPES_H 1
#define HAVE_SYS_STAT_H 1
#define HAVE_STDLIB_H 1
#define HAVE_STRING_H 1
#define HAVE_MEMORY_H 1
#define HAVE_STRINGS_H 1
#define HAVE_INTTYPES_H 1
#define HAVE_STDINT_H 1
#define HAVE_UNISTD_H 1
#define HAVE_UTIME_H 1
#define HAVE_UTIME_NULL 1

configure: exit 0
